2026-02-12 13:20:04,580 [INFO] [stock_basic] 拉取 3000 行 offset=0
2026-02-12 13:20:06,185 [INFO] [stock_basic] 拉取 2484 行 offset=3000
2026-02-12 13:20:06,250 [INFO] stock_basic_a 已最新 无新增
2026-02-12 13:20:06,251 [INFO] [A] 同步完成 当前行数=5484
2026-02-12 13:20:07,298 [INFO] [hk_basic] 拉取 2720 行 offset=0
2026-02-12 13:20:07,323 [INFO] stock_basic_h 已最新 无新增
2026-02-12 13:20:07,323 [INFO] [H] 同步完成 当前行数=2721
2026-02-12 13:20:07,942 [INFO] [fx_obasic] 拉取 69 行 offset=0
2026-02-12 13:20:07,949 [INFO] fx_basic 已最新 无新增
2026-02-12 13:20:07,949 [INFO] [FX] 同步完成 当前行数=69
2026-02-12 13:20:08,865 [INFO] [etf_basic] 拉取 1588 行 offset=0
2026-02-12 13:20:08,881 [INFO] etf_basic 已最新 无新增
2026-02-12 13:20:08,882 [INFO] [ETF] 同步完成 当前行数=3170
2026-02-12 13:20:12,694 [INFO] [etf_daily] 股票数=1588 limit=6000 sleep=0.0100
2026-02-12 13:20:13,323 [INFO] [etf_daily] 159135.SZ backfill 20260128~20260210
2026-02-12 13:20:14,657 [INFO] [etf_daily] 159148.SZ backfill 20120101~20260210
2026-02-12 13:20:16,001 [INFO] [etf_daily] 159153.SZ backfill 20260129~20260208
2026-02-12 13:20:18,363 [INFO] [etf_daily] 159157.SZ backfill 20260128~20260205
2026-02-12 13:20:19,796 [INFO] [etf_daily] 159163.SZ backfill 20260127~20260208
2026-02-12 13:20:21,269 [INFO] [etf_daily] 159901.SZ backfill 20120101~20120103
2026-02-12 13:20:22,606 [INFO] [etf_daily] 159902.SZ backfill 20120101~20120103
2026-02-12 13:20:24,022 [INFO] [etf_daily] 159903.SZ backfill 20120101~20120103
2026-02-12 13:20:25,494 [INFO] [etf_daily] 159905.SZ backfill 20120101~20120103
2026-02-12 13:20:26,991 [INFO] [etf_daily] 159906.SZ backfill 20120101~20120103
2026-02-12 13:20:27,795 [INFO] [etf_daily] 进度 10/1588 (0.6%)
2026-02-12 13:20:28,525 [INFO] [etf_daily] 159907.SZ backfill 20120101~20120103
2026-02-12 13:20:29,875 [INFO] [etf_daily] 159909.SZ backfill 20120101~20120103
2026-02-12 13:20:31,322 [INFO] [etf_daily] 159910.SZ backfill 20120101~20120103
2026-02-12 13:20:32,710 [INFO] [etf_daily] 159911.SZ backfill 20120101~20120103
2026-02-12 13:20:34,078 [INFO] [etf_daily] 159912.SZ backfill 20120101~20120103
2026-02-12 13:20:35,511 [INFO] [etf_daily] 159913.SZ backfill 20120101~20120103
2026-02-12 13:20:37,089 [INFO] [etf_daily] 159915.SZ backfill 20120101~20120103
2026-02-12 13:20:39,568 [INFO] [etf_daily] 159916.SZ backfill 20120101~20120103
2026-02-12 13:20:41,029 [INFO] [etf_daily] 510010.SH backfill 20120101~20120103
2026-02-12 13:20:42,718 [INFO] [etf_daily] 510020.SH backfill 20120101~20120103
2026-02-12 13:20:43,522 [INFO] [etf_daily] 进度 20/1588 (1.3%)
2026-02-12 13:20:44,294 [INFO] [etf_daily] 510030.SH backfill 20120101~20120103
2026-02-12 13:20:45,830 [INFO] [etf_daily] 510050.SH backfill 20120101~20120103
2026-02-12 13:20:47,330 [INFO] [etf_daily] 510060.SH backfill 20120101~20120103
2026-02-12 13:20:50,119 [INFO] [etf_daily] 510070.SH backfill 20120101~20120103
2026-02-12 13:20:51,512 [INFO] [etf_daily] 510090.SH backfill 20120101~20120103
2026-02-12 13:20:53,381 [INFO] [etf_daily] 510110.SH backfill 20120101~20120103
2026-02-12 13:20:54,871 [INFO] [etf_daily] 510120.SH backfill 20120101~20120103
2026-02-12 13:20:56,244 [INFO] [etf_daily] 510130.SH backfill 20120101~20120103
2026-02-12 13:20:58,595 [INFO] [etf_daily] 510150.SH backfill 20120101~20120103
2026-02-12 13:21:00,028 [INFO] [etf_daily] 510160.SH backfill 20120101~20120103
2026-02-12 13:21:00,769 [INFO] [etf_daily] 进度 30/1588 (1.9%)
2026-02-12 13:21:01,471 [INFO] [etf_daily] 510170.SH backfill 20120101~20120103
2026-02-12 13:21:02,847 [INFO] [etf_daily] 510180.SH backfill 20120101~20120103
2026-02-12 13:21:05,322 [INFO] [etf_daily] 510190.SH backfill 20120101~20120103
2026-02-12 13:21:07,870 [INFO] [etf_daily] 510210.SH backfill 20120101~20120103
2026-02-12 13:21:09,220 [INFO] [etf_daily] 510220.SH backfill 20120101~20120103
2026-02-12 13:21:10,743 [INFO] [etf_daily] 510230.SH backfill 20120101~20120103
2026-02-12 13:21:12,229 [INFO] [etf_daily] 510260.SH backfill 20120101~20120103
2026-02-12 13:21:13,704 [INFO] [etf_daily] 510270.SH backfill 20120101~20120103
2026-02-12 13:21:15,057 [INFO] [etf_daily] 510280.SH backfill 20120101~20120103
2026-02-12 13:21:16,521 [INFO] [etf_daily] 510290.SH backfill 20120101~20120103
2026-02-12 13:21:17,223 [INFO] [etf_daily] 进度 40/1588 (2.5%)
2026-02-12 13:21:17,930 [INFO] [etf_daily] 510880.SH backfill 20120101~20120103
2026-02-12 13:21:19,321 [INFO] [etf_daily] 511010.SH backfill 20130325~20250101
2026-02-12 13:21:21,257 [INFO] [追加] etf_daily      511010.SH 国泰上证5年期国债ETF 新增   2863 行 (请求 2863)
2026-02-12 13:21:21,950 [INFO] [etf_daily] 511020.SH backfill 20190222~20250101
2026-02-12 13:21:22,885 [INFO] [追加] etf_daily      511020.SH 平安5-10年期国债活跃券ETF 新增   1328 行 (请求 1328)
2026-02-12 13:21:23,550 [INFO] [etf_daily] 511030.SH backfill 20190322~20250101
2026-02-12 13:21:24,469 [INFO] [追加] etf_daily      511030.SH 平安中高等级公司债利差因子ETF 新增   1359 行 (请求 1359)
2026-02-12 13:21:25,182 [INFO] [etf_daily] 511060.SH backfill 20191212~20250101
2026-02-12 13:21:26,228 [INFO] [追加] etf_daily      511060.SH 海富通上证5年期地方政府债ETF 新增   1220 行 (请求 1220)
2026-02-12 13:21:26,934 [INFO] [etf_daily] 511090.SH backfill 20230613~20250101
2026-02-12 13:21:27,753 [INFO] [追加] etf_daily      511090.SH 鹏扬中债-30年期国债ETF 新增    378 行 (请求 378)
2026-02-12 13:21:28,420 [INFO] [etf_daily] 511100.SH backfill 20231225~20250101
2026-02-12 13:21:29,255 [INFO] [追加] etf_daily      511100.SH 华夏上证基准做市国债ETF 新增    247 行 (请求 247)
2026-02-12 13:21:29,975 [INFO] [etf_daily] 511130.SH backfill 20240328~20250101
2026-02-12 13:21:30,814 [INFO] [追加] etf_daily      511130.SH 博时上证30年期国债ETF 新增    186 行 (请求 186)
2026-02-12 13:21:31,585 [INFO] [etf_daily] 511180.SH backfill 20200826~20250101
2026-02-12 13:21:32,579 [INFO] [追加] etf_daily      511180.SH 海富通上证投资级可转债ETF 新增   1055 行 (请求 1055)
2026-02-12 13:21:33,256 [INFO] [etf_daily] 511220.SH backfill 20141216~20250101
2026-02-12 13:21:35,026 [INFO] [追加] etf_daily      511220.SH 海富通上证城投债ETF  新增   2437 行 (请求 2437)
2026-02-12 13:21:35,026 [INFO] [etf_daily] 进度 50/1588 (3.1%)
2026-02-12 13:21:35,733 [INFO] [etf_daily] 511260.SH backfill 20170824~20250101
2026-02-12 13:21:36,749 [INFO] [追加] etf_daily      511260.SH 上证10年期国债ETF  新增   1785 行 (请求 1785)
2026-02-12 13:21:37,502 [INFO] [etf_daily] 511270.SH backfill 20181122~20250101
2026-02-12 13:21:38,471 [INFO] [追加] etf_daily      511270.SH 海富通上证10年期地方政府债ETF 新增   1479 行 (请求 1479)
2026-02-12 13:21:39,202 [INFO] [etf_daily] 511360.SH backfill 20200925~20250101
2026-02-12 13:21:40,129 [INFO] [追加] etf_daily      511360.SH 海富通中证短融ETF   新增   1033 行 (请求 1033)
2026-02-12 13:21:40,885 [INFO] [etf_daily] 511380.SH backfill 20200407~20250101
2026-02-12 13:21:41,935 [INFO] [追加] etf_daily      511380.SH 博时可转债ETF     新增   1151 行 (请求 1151)
2026-02-12 13:21:42,652 [INFO] [etf_daily] 511520.SH backfill 20221025~20250101
2026-02-12 13:21:43,532 [INFO] [追加] etf_daily      511520.SH 富国中债7-10年政策性金融债ETF 新增    533 行 (请求 533)
2026-02-12 13:21:44,190 [INFO] [etf_daily] 511580.SH backfill 20221214~20250101
2026-02-12 13:21:45,032 [INFO] [追加] etf_daily      511580.SH 招商中证国债及政策性金融债0-3年ETF 新增    491 行 (请求 491)
2026-02-12 13:21:45,783 [INFO] [etf_daily] 511600.SH backfill 20160927~20250101
2026-02-12 13:21:47,519 [INFO] [追加] etf_daily      511600.SH 华安日日鑫货币H     新增   2005 行 (请求 2005)
2026-02-12 13:21:48,552 [INFO] [etf_daily] 511620.SH backfill 20170907~20250101
2026-02-12 13:21:49,520 [INFO] [追加] etf_daily      511620.SH 国泰瞬利货币A      新增   1768 行 (请求 1768)
2026-02-12 13:21:50,208 [INFO] [etf_daily] 511650.SH backfill 20170116~20250101
2026-02-12 13:21:51,212 [INFO] [追加] etf_daily      511650.SH 华夏快线货币E      新增   1918 行 (请求 1918)
2026-02-12 13:21:51,954 [INFO] [etf_daily] 511660.SH backfill 20160921~20250101
2026-02-12 13:21:53,707 [INFO] [追加] etf_daily      511660.SH 建信现金添益货币H    新增   2011 行 (请求 2011)
2026-02-12 13:21:53,707 [INFO] [etf_daily] 进度 60/1588 (3.8%)
2026-02-12 13:21:54,322 [INFO] [etf_daily] 511670.SH backfill 20170828~20250101
2026-02-12 13:21:55,179 [INFO] [追加] etf_daily      511670.SH 华泰紫金天天金货币ETFA 新增   1643 行 (请求 1643)
2026-02-12 13:21:55,950 [INFO] [etf_daily] 511690.SH backfill 20161020~20250101
2026-02-12 13:21:56,996 [INFO] [追加] etf_daily      511690.SH 大成添益交易型货币E   新增   1995 行 (请求 1995)
2026-02-12 13:21:57,659 [INFO] [etf_daily] 511700.SH backfill 20161017~20250101
2026-02-12 13:21:58,646 [INFO] [追加] etf_daily      511700.SH 场内货币         新增   1998 行 (请求 1998)
2026-02-12 13:21:59,400 [INFO] [etf_daily] 511770.SH backfill 20170410~20250101
2026-02-12 13:22:00,340 [INFO] [追加] etf_daily      511770.SH 金鹰现金增益E      新增   1514 行 (请求 1514)
2026-02-12 13:22:01,158 [INFO] [etf_daily] 511800.SH backfill 20141208~20250101
2026-02-12 13:22:02,754 [INFO] [追加] etf_daily      511800.SH 易方达货币E       新增   2449 行 (请求 2449)
2026-02-12 13:22:03,519 [INFO] [etf_daily] 511810.SH backfill 20150105~20250101
2026-02-12 13:22:06,312 [INFO] [追加] etf_daily      511810.SH 南方理财金货币ETF   新增   2431 行 (请求 2431)
2026-02-12 13:22:07,079 [INFO] [etf_daily] 511820.SH backfill 20160222~20250101
2026-02-12 13:22:08,895 [INFO] [追加] etf_daily      511820.SH 鹏华添利交易型货币B   新增   2021 行 (请求 2021)
2026-02-12 13:22:09,980 [INFO] [etf_daily] 511830.SH backfill 20150803~20250101
2026-02-12 13:22:12,150 [INFO] [追加] etf_daily      511830.SH 华泰货币         新增   2266 行 (请求 2266)
2026-02-12 13:22:14,346 [INFO] [etf_daily] 511850.SH backfill 20160718~20250101
2026-02-12 13:22:17,224 [INFO] [追加] etf_daily      511850.SH 财富宝E         新增   2056 行 (请求 2056)
2026-02-12 13:22:17,953 [INFO] [etf_daily] 511860.SH backfill 20141209~20250101
2026-02-12 13:22:19,830 [INFO] [追加] etf_daily      511860.SH 博时保证金货币ETF   新增   2443 行 (请求 2443)
2026-02-12 13:22:19,830 [INFO] [etf_daily] 进度 70/1588 (4.4%)
2026-02-12 13:22:20,550 [INFO] [etf_daily] 511880.SH backfill 20130418~20250101
2026-02-12 13:22:22,484 [INFO] [追加] etf_daily      511880.SH 银华日利         新增   2847 行 (请求 2847)
2026-02-12 13:22:23,158 [INFO] [etf_daily] 511900.SH backfill 20151209~20250101
2026-02-12 13:22:24,946 [INFO] [追加] etf_daily      511900.SH 富国收益宝交易型货币H  新增   2204 行 (请求 2204)
2026-02-12 13:22:25,667 [INFO] [etf_daily] 511910.SH backfill 20160704~20250101
2026-02-12 13:22:26,559 [INFO] [追加] etf_daily      511910.SH 融通易支付货币E     新增   1528 行 (请求 1528)
2026-02-12 13:22:27,274 [INFO] [etf_daily] 511920.SH backfill 20160328~20250102
2026-02-12 13:22:29,579 [INFO] [追加] etf_daily      511920.SH 广发货币E        新增   2018 行 (请求 2018)
2026-02-12 13:22:31,674 [INFO] [etf_daily] 511930.SH backfill 20151215~20250101
2026-02-12 13:22:32,656 [INFO] [追加] etf_daily      511930.SH 国联日盈A        新增   1664 行 (请求 1664)
2026-02-12 13:22:33,395 [INFO] [etf_daily] 511950.SH backfill 20161219~20250101
2026-02-12 13:22:34,427 [INFO] [追加] etf_daily      511950.SH 广发添利货币A      新增   1196 行 (请求 1196)
2026-02-12 13:22:35,414 [INFO] [etf_daily] 511960.SH backfill 20160111~20250101
2026-02-12 13:22:37,366 [INFO] [追加] etf_daily      511960.SH 嘉实快线货币H      新增   1841 行 (请求 1841)
2026-02-12 13:22:37,938 [INFO] [etf_daily] 511970.SH backfill 20160718~20250102
2026-02-12 13:22:38,734 [INFO] [追加] etf_daily      511970.SH 国寿安保货币E      新增   1407 行 (请求 1407)
2026-02-12 13:22:39,334 [INFO] [etf_daily] 511980.SH backfill 20151102~20250102
2026-02-12 13:22:41,126 [INFO] [追加] etf_daily      511980.SH 汇添富添富通货币E    新增   2158 行 (请求 2158)
2026-02-12 13:22:41,824 [INFO] [etf_daily] 511990.SH backfill 20130128~20250101
2026-02-12 13:22:43,725 [INFO] [追加] etf_daily      511990.SH 华宝添益A        新增   2898 行 (请求 2898)
2026-02-12 13:22:43,725 [INFO] [etf_daily] 进度 80/1588 (5.0%)
2026-02-12 13:22:44,393 [INFO] [etf_daily] 512000.SH backfill 20160914~20250101
2026-02-12 13:22:46,227 [INFO] [追加] etf_daily      512000.SH 华宝中证全指证券公司ETF 新增   2014 行 (请求 2014)
2026-02-12 13:22:46,802 [INFO] [etf_daily] 512010.SH backfill 20131028~20250101
2026-02-12 13:22:49,709 [INFO] [追加] etf_daily      512010.SH 易方达沪深300医药ETF 新增   2721 行 (请求 2721)
2026-02-12 13:22:50,387 [INFO] [etf_daily] 512020.SH backfill 20241202~20250101
2026-02-12 13:22:52,165 [INFO] [追加] etf_daily      512020.SH 鹏华中证A500ETF  新增     22 行 (请求 22)
2026-02-12 13:22:52,790 [INFO] [etf_daily] 512040.SH backfill 20181129~20250101
2026-02-12 13:22:53,739 [INFO] [追加] etf_daily      512040.SH 富国中证价值ETF    新增   1478 行 (请求 1478)
2026-02-12 13:22:54,428 [INFO] [etf_daily] 512050.SH backfill 20241115~20250101
2026-02-12 13:22:55,220 [INFO] [追加] etf_daily      512050.SH 华夏中证A500ETF  新增     33 行 (请求 33)
2026-02-12 13:22:56,059 [INFO] [etf_daily] 512070.SH backfill 20140718~20250101
2026-02-12 13:22:57,970 [INFO] [追加] etf_daily      512070.SH 易方达沪深300非银ETF 新增   2543 行 (请求 2543)
2026-02-12 13:22:58,640 [INFO] [etf_daily] 512090.SH backfill 20180601~20250101
2026-02-12 13:22:59,710 [INFO] [追加] etf_daily      512090.SH 易方达MSCI中国A股国际通ETF 新增   1600 行 (请求 1600)
2026-02-12 13:23:00,418 [INFO] [etf_daily] 512100.SH backfill 20161104~20250101
2026-02-12 13:23:01,432 [INFO] [追加] etf_daily      512100.SH 南方中证1000ETF  新增   1983 行 (请求 1983)
2026-02-12 13:23:02,298 [INFO] [etf_daily] 512120.SH backfill 20140106~20250101
2026-02-12 13:23:04,220 [INFO] [追加] etf_daily      512120.SH 华安中证细分医药ETF  新增   2646 行 (请求 2646)
2026-02-12 13:23:04,884 [INFO] [etf_daily] 512150.SH backfill 20190121~20250101
2026-02-12 13:23:05,876 [INFO] [追加] etf_daily      512150.SH A50ETF       新增   1443 行 (请求 1443)
2026-02-12 13:23:05,876 [INFO] [etf_daily] 进度 90/1588 (5.7%)
2026-02-12 13:23:06,565 [INFO] [etf_daily] 512160.SH backfill 20180427~20250101
2026-02-12 13:23:07,621 [INFO] [追加] etf_daily      512160.SH 南方MSCI中国A股国际通ETF 新增   1623 行 (请求 1623)
2026-02-12 13:23:09,336 [INFO] [etf_daily] 512170.SH backfill 20190617~20250101
2026-02-12 13:23:10,259 [INFO] [追加] etf_daily      512170.SH 华宝中证医疗ETF    新增   1347 行 (请求 1347)
2026-02-12 13:23:10,959 [INFO] [etf_daily] 512180.SH backfill 20180521~20250101
2026-02-12 13:23:12,419 [INFO] [追加] etf_daily      512180.SH 建信MSCI中国A股国际通ETF 新增   1601 行 (请求 1601)
2026-02-12 13:23:13,127 [INFO] [etf_daily] 512190.SH backfill 20190909~20250101
2026-02-12 13:23:14,092 [INFO] [追加] etf_daily      512190.SH 浙商之江凤凰ETF    新增   1265 行 (请求 1265)
2026-02-12 13:23:14,788 [INFO] [etf_daily] 512200.SH backfill 20170925~20250101
2026-02-12 13:23:16,124 [INFO] [追加] etf_daily      512200.SH 南方中证全指房地产ETF 新增   1764 行 (请求 1764)
2026-02-12 13:23:16,789 [INFO] [etf_daily] 512220.SH backfill 20140819~20250101
2026-02-12 13:23:19,462 [INFO] [追加] etf_daily      512220.SH 景顺长城中证科技传媒通信150ETF 新增   2444 行 (请求 2444)
2026-02-12 13:23:20,106 [INFO] [etf_daily] 512260.SH backfill 20190111~20250101
2026-02-12 13:23:21,050 [INFO] [追加] etf_daily      512260.SH 华安中证500低波ETF 新增   1449 行 (请求 1449)
2026-02-12 13:23:21,835 [INFO] [etf_daily] 512280.SH backfill 20180525~20250101
2026-02-12 13:23:22,809 [INFO] [追加] etf_daily      512280.SH 景顺长城MSCI中国A股国际通ETF 新增   1604 行 (请求 1604)
2026-02-12 13:23:23,580 [INFO] [etf_daily] 512290.SH backfill 20190520~20250101
2026-02-12 13:23:25,594 [INFO] [追加] etf_daily      512290.SH 国泰中证生物医药ETF  新增   1367 行 (请求 1367)
2026-02-12 13:23:26,699 [INFO] [etf_daily] 512330.SH backfill 20150720~20250101
2026-02-12 13:23:28,543 [INFO] [追加] etf_daily      512330.SH 南方中证500信息技术ETF 新增   2299 行 (请求 2299)
2026-02-12 13:23:28,543 [INFO] [etf_daily] 进度 100/1588 (6.3%)
2026-02-12 13:23:29,472 [INFO] [etf_daily] 512360.SH backfill 20180720~20250101
2026-02-12 13:23:30,389 [INFO] [追加] etf_daily      512360.SH 平安MSCI中国A股国际ETF 新增   1489 行 (请求 1489)
2026-02-12 13:23:31,033 [INFO] [etf_daily] 512380.SH backfill 20190430~20250101
2026-02-12 13:23:32,097 [INFO] [追加] etf_daily      512380.SH MSCI中国       新增   1378 行 (请求 1378)
2026-02-12 13:23:32,924 [INFO] [etf_daily] 512390.SH backfill 20180713~20250101
2026-02-12 13:23:33,988 [INFO] [追加] etf_daily      512390.SH 平安MSCI中国A股低波动ETF 新增   1472 行 (请求 1472)
2026-02-12 13:23:34,669 [INFO] [etf_daily] 512400.SH backfill 20170901~20250101
2026-02-12 13:23:35,676 [INFO] [追加] etf_daily      512400.SH 南方中证申万有色金属ETF 新增   1780 行 (请求 1780)
2026-02-12 13:23:36,390 [INFO] [etf_daily] 512480.SH backfill 20190612~20250101
2026-02-12 13:23:37,439 [INFO] [追加] etf_daily      512480.SH 国联安半导体ETF    新增   1350 行 (请求 1350)
2026-02-12 13:23:38,088 [INFO] [etf_daily] 512500.SH backfill 20150529~20250101
2026-02-12 13:23:41,330 [INFO] [追加] etf_daily      512500.SH 华夏中证500ETF   新增   2334 行 (请求 2334)
2026-02-12 13:23:42,072 [INFO] [etf_daily] 512510.SH backfill 20150612~20250101
2026-02-12 13:23:44,037 [INFO] [追加] etf_daily      512510.SH 华泰柏瑞中证500ETF 新增   2324 行 (请求 2324)
2026-02-12 13:23:45,786 [INFO] [etf_daily] 512520.SH backfill 20180518~20250101
2026-02-12 13:23:46,835 [INFO] [追加] etf_daily      512520.SH MSCIETF      新增   1610 行 (请求 1610)
2026-02-12 13:23:47,871 [INFO] [etf_daily] 512530.SH backfill 20190923~20250101
2026-02-12 13:23:48,942 [INFO] [追加] etf_daily      512530.SH 建信沪深300红利ETF 新增   1279 行 (请求 1279)
2026-02-12 13:23:49,563 [INFO] [etf_daily] 512550.SH backfill 20170807~20250101
2026-02-12 13:23:50,586 [INFO] [追加] etf_daily      512550.SH 嘉实富时中国A50ETF 新增   1799 行 (请求 1799)
2026-02-12 13:23:50,587 [INFO] [etf_daily] 进度 110/1588 (6.9%)
2026-02-12 13:23:51,326 [INFO] [etf_daily] 512560.SH backfill 20170728~20250101
2026-02-12 13:23:52,346 [INFO] [追加] etf_daily      512560.SH 易方达中证军工ETF   新增   1802 行 (请求 1802)
2026-02-12 13:23:53,187 [INFO] [etf_daily] 512570.SH backfill 20170811~20250101
2026-02-12 13:23:54,536 [INFO] [追加] etf_daily      512570.SH 易方达中证全指证券公司ETF 新增   1792 行 (请求 1792)
2026-02-12 13:23:55,561 [INFO] [etf_daily] 512580.SH backfill 20170228~20250101
2026-02-12 13:23:57,011 [INFO] [追加] etf_daily      512580.SH 广发中证环保ETF    新增   1908 行 (请求 1908)
2026-02-12 13:23:57,674 [INFO] [etf_daily] 512600.SH backfill 20140725~20250101
2026-02-12 13:23:59,434 [INFO] [追加] etf_daily      512600.SH 嘉实中证主要消费ETF  新增   2496 行 (请求 2496)
2026-02-12 13:24:00,100 [INFO] [etf_daily] 512640.SH backfill 20140725~20250101
2026-02-12 13:24:01,928 [INFO] [追加] etf_daily      512640.SH 嘉实中证金融地产ETF  新增   2276 行 (请求 2276)
2026-02-12 13:24:02,599 [INFO] [etf_daily] 512650.SH backfill 20191025~20250101
2026-02-12 13:24:04,560 [INFO] [追加] etf_daily      512650.SH 添富中证长三角ETF   新增   1259 行 (请求 1259)
2026-02-12 13:24:05,390 [INFO] [etf_daily] 512660.SH backfill 20160808~20250101
2026-02-12 13:24:07,206 [INFO] [追加] etf_daily      512660.SH 国泰中证军工ETF    新增   2041 行 (请求 2041)
2026-02-12 13:24:07,904 [INFO] [etf_daily] 512670.SH backfill 20190801~20250101
2026-02-12 13:24:08,873 [INFO] [追加] etf_daily      512670.SH 国防ETF        新增   1314 行 (请求 1314)
2026-02-12 13:24:09,564 [INFO] [etf_daily] 512680.SH backfill 20161014~20250101
2026-02-12 13:24:10,502 [INFO] [追加] etf_daily      512680.SH 广发中证军工ETF    新增   1999 行 (请求 1999)
2026-02-12 13:24:11,236 [INFO] [etf_daily] 512690.SH backfill 20190506~20250101
2026-02-12 13:24:12,196 [INFO] [追加] etf_daily      512690.SH 酒ETF         新增   1376 行 (请求 1376)
2026-02-12 13:24:12,196 [INFO] [etf_daily] 进度 120/1588 (7.6%)
2026-02-12 13:24:12,936 [INFO] [etf_daily] 512700.SH backfill 20170726~20250101
2026-02-12 13:24:14,814 [INFO] [追加] etf_daily      512700.SH 南方中证银行ETF    新增   1807 行 (请求 1807)
2026-02-12 13:24:16,516 [INFO] [etf_daily] 512710.SH backfill 20190826~20250101
2026-02-12 13:24:17,609 [INFO] [追加] etf_daily      512710.SH 富国中证军工龙头ETF  新增   1297 行 (请求 1297)
2026-02-12 13:24:18,650 [INFO] [etf_daily] 512720.SH backfill 20190816~20250101
2026-02-12 13:24:19,652 [INFO] [追加] etf_daily      512720.SH 国泰中证计算机主题ETF 新增   1304 行 (请求 1304)
2026-02-12 13:24:21,389 [INFO] [etf_daily] 512730.SH backfill 20200207~20250101
2026-02-12 13:24:22,400 [INFO] [追加] etf_daily      512730.SH 银行FUND       新增   1192 行 (请求 1192)
2026-02-12 13:24:23,166 [INFO] [etf_daily] 512750.SH backfill 20190705~20250101
2026-02-12 13:24:24,170 [INFO] [追加] etf_daily      512750.SH 嘉实基本面50ETF   新增   1334 行 (请求 1334)
2026-02-12 13:24:24,888 [INFO] [etf_daily] 512760.SH backfill 20190612~20250101
2026-02-12 13:24:25,844 [INFO] [追加] etf_daily      512760.SH 国泰CES半导体芯片行业ETF 新增   1350 行 (请求 1350)
2026-02-12 13:24:26,656 [INFO] [etf_daily] 512770.SH backfill 20180816~20250101
2026-02-12 13:24:27,933 [INFO] [追加] etf_daily      512770.SH 华夏战略新兴成指ETF  新增   1547 行 (请求 1547)
2026-02-12 13:24:28,636 [INFO] [etf_daily] 512800.SH backfill 20170803~20250101
2026-02-12 13:24:29,664 [INFO] [追加] etf_daily      512800.SH 华宝中证银行ETF    新增   1801 行 (请求 1801)
2026-02-12 13:24:31,432 [INFO] [etf_daily] 512810.SH backfill 20160822~20250101
2026-02-12 13:24:33,711 [INFO] [追加] etf_daily      512810.SH 华宝中证军工ETF    新增   2031 行 (请求 2031)
2026-02-12 13:24:34,377 [INFO] [etf_daily] 512820.SH backfill 20181123~20250101
2026-02-12 13:24:36,379 [INFO] [追加] etf_daily      512820.SH 中证银行ETF      新增   1481 行 (请求 1481)
2026-02-12 13:24:36,379 [INFO] [etf_daily] 进度 130/1588 (8.2%)
2026-02-12 13:24:37,127 [INFO] [etf_daily] 512870.SH backfill 20190222~20250101
2026-02-12 13:24:38,204 [INFO] [追加] etf_daily      512870.SH 南华中证杭州湾区ETF  新增   1372 行 (请求 1372)
2026-02-12 13:24:38,952 [INFO] [etf_daily] 512880.SH backfill 20160808~20250101
2026-02-12 13:24:42,245 [INFO] [追加] etf_daily      512880.SH 国泰中证全指证券公司ETF 新增   2041 行 (请求 2041)
2026-02-12 13:24:42,880 [INFO] [etf_daily] 512890.SH backfill 20190118~20250101
2026-02-12 13:24:43,940 [INFO] [追加] etf_daily      512890.SH 红利低波         新增   1443 行 (请求 1443)
2026-02-12 13:24:44,815 [INFO] [etf_daily] 512900.SH backfill 20170331~20250101
2026-02-12 13:24:45,874 [INFO] [追加] etf_daily      512900.SH 南方中证全指证券公司ETF 新增   1885 行 (请求 1885)
2026-02-12 13:24:47,638 [INFO] [etf_daily] 512910.SH backfill 20190701~20250101
2026-02-12 13:24:48,648 [INFO] [追加] etf_daily      512910.SH 广发中证A100ETF  新增   1338 行 (请求 1338)
2026-02-12 13:24:50,354 [INFO] [etf_daily] 512930.SH backfill 20190823~20250101
2026-02-12 13:24:52,390 [INFO] [追加] etf_daily      512930.SH 平安人工智能ETF    新增   1299 行 (请求 1299)
2026-02-12 13:24:53,035 [INFO] [etf_daily] 512950.SH backfill 20190118~20250101
2026-02-12 13:24:54,030 [INFO] [追加] etf_daily      512950.SH 华夏中证央企ETF    新增   1444 行 (请求 1444)
2026-02-12 13:24:54,823 [INFO] [etf_daily] 512960.SH backfill 20190118~20250101
2026-02-12 13:24:55,795 [INFO] [追加] etf_daily      512960.SH 博时央企结构调整ETF  新增   1444 行 (请求 1444)
2026-02-12 13:24:56,534 [INFO] [etf_daily] 512970.SH backfill 20191111~20250101
2026-02-12 13:24:57,545 [INFO] [追加] etf_daily      512970.SH 粤港澳大湾区ETF    新增   1248 行 (请求 1248)
2026-02-12 13:24:58,205 [INFO] [etf_daily] 512980.SH backfill 20180119~20250101
2026-02-12 13:24:59,178 [INFO] [追加] etf_daily      512980.SH 广发中证传媒ETF    新增   1686 行 (请求 1686)
2026-02-12 13:24:59,178 [INFO] [etf_daily] 进度 140/1588 (8.8%)
2026-02-12 13:25:00,065 [INFO] [etf_daily] 512990.SH backfill 20150325~20250101
2026-02-12 13:25:03,382 [INFO] [追加] etf_daily      512990.SH 华夏MSCI中国A股国际通ETF 新增   2379 行 (请求 2379)
2026-02-12 13:25:04,042 [INFO] [etf_daily] 513000.SH backfill 20190625~20250101
2026-02-12 13:25:05,048 [INFO] [追加] etf_daily      513000.SH 易方达奥明日经225ETF(QDII) 新增   1342 行 (请求 1342)
2026-02-12 13:25:05,742 [INFO] [etf_daily] 513010.SH backfill 20210525~20250101
2026-02-12 13:25:06,624 [INFO] [追加] etf_daily      513010.SH 易方达恒生科技ETF(QDII) 新增    877 行 (请求 877)
2026-02-12 13:25:07,327 [INFO] [etf_daily] 513020.SH backfill 20220208~20250101
2026-02-12 13:25:08,206 [INFO] [追加] etf_daily      513020.SH 国泰中证港股通科技ETF 新增    706 行 (请求 706)
2026-02-12 13:25:08,952 [INFO] [etf_daily] 513030.SH backfill 20140905~20250101
2026-02-12 13:25:10,784 [INFO] [追加] etf_daily      513030.SH 华安德国(DAX)ETF 新增   2509 行 (请求 2509)
2026-02-12 13:25:11,491 [INFO] [etf_daily] 513040.SH backfill 20230612~20250101
2026-02-12 13:25:12,375 [INFO] [追加] etf_daily      513040.SH 易方达中证港股通互联网ETF 新增    379 行 (请求 379)
