2026-02-12 13:17:38,136 [INFO] [stock_basic] 拉取 3000 行 offset=0
2026-02-12 13:17:39,909 [INFO] [stock_basic] 拉取 2484 行 offset=3000
2026-02-12 13:17:39,972 [INFO] stock_basic_a 已最新 无新增
2026-02-12 13:17:39,973 [INFO] [A] 同步完成 当前行数=5484
2026-02-12 13:17:41,123 [INFO] [hk_basic] 拉取 2720 行 offset=0
2026-02-12 13:17:41,149 [INFO] stock_basic_h 已最新 无新增
2026-02-12 13:17:41,149 [INFO] [H] 同步完成 当前行数=2721
2026-02-12 13:17:41,927 [INFO] [fx_obasic] 拉取 69 行 offset=0
2026-02-12 13:17:41,933 [INFO] fx_basic 已最新 无新增
2026-02-12 13:17:41,933 [INFO] [FX] 同步完成 当前行数=69
2026-02-12 13:17:42,937 [INFO] [etf_basic] 拉取 1588 行 offset=0
2026-02-12 13:17:42,967 [INFO] etf_basic 已最新 无新增
2026-02-12 13:17:42,967 [INFO] [ETF] 同步完成 当前行数=3170
2026-02-12 13:17:46,610 [INFO] [etf_daily] 股票数=1588 limit=6000 sleep=0.0100
2026-02-12 13:17:47,404 [INFO] [etf_daily] 159135.SZ backfill 20120101~20260210
2026-02-12 13:17:48,858 [INFO] [etf_daily] 159148.SZ backfill 20120101~20260210
2026-02-12 13:17:51,349 [INFO] [etf_daily] 159153.SZ backfill 20120101~20260208
2026-02-12 13:17:52,821 [INFO] [etf_daily] 159157.SZ backfill 20120101~20260205
2026-02-12 13:17:54,240 [INFO] [etf_daily] 159163.SZ backfill 20120101~20260208
2026-02-12 13:17:55,723 [INFO] [etf_daily] 159901.SZ backfill 20120101~20120103
2026-02-12 13:17:57,247 [INFO] [etf_daily] 159902.SZ backfill 20120101~20120103
2026-02-12 13:17:58,719 [INFO] [etf_daily] 159903.SZ backfill 20120101~20120103
2026-02-12 13:18:00,251 [INFO] [etf_daily] 159905.SZ backfill 20120101~20120103
2026-02-12 13:18:01,772 [INFO] [etf_daily] 159906.SZ backfill 20120101~20120103
2026-02-12 13:18:02,526 [INFO] [etf_daily] 进度 10/1588 (0.6%)
2026-02-12 13:18:03,297 [INFO] [etf_daily] 159907.SZ backfill 20120101~20120103
2026-02-12 13:18:04,691 [INFO] [etf_daily] 159909.SZ backfill 20120101~20120103
2026-02-12 13:18:06,078 [INFO] [etf_daily] 159910.SZ backfill 20120101~20120103
2026-02-12 13:18:07,918 [INFO] [etf_daily] 159911.SZ backfill 20120101~20120103
2026-02-12 13:18:09,400 [INFO] [etf_daily] 159912.SZ backfill 20120101~20120103
2026-02-12 13:18:10,773 [INFO] [etf_daily] 159913.SZ backfill 20120101~20120103
2026-02-12 13:18:12,719 [INFO] [etf_daily] 159915.SZ backfill 20120101~20120103
2026-02-12 13:18:15,256 [INFO] [etf_daily] 159916.SZ backfill 20120101~20120103
2026-02-12 13:18:17,731 [INFO] [etf_daily] 510010.SH backfill 20120101~20120103
2026-02-12 13:18:20,637 [INFO] [etf_daily] 510020.SH backfill 20120101~20120103
2026-02-12 13:18:21,372 [INFO] [etf_daily] 进度 20/1588 (1.3%)
2026-02-12 13:18:22,087 [INFO] [etf_daily] 510030.SH backfill 20120101~20120103
2026-02-12 13:18:23,594 [INFO] [etf_daily] 510050.SH backfill 20120101~20120103
2026-02-12 13:18:26,507 [INFO] [etf_daily] 510060.SH backfill 20120101~20120103
2026-02-12 13:18:27,965 [INFO] [etf_daily] 510070.SH backfill 20120101~20120103
2026-02-12 13:18:29,470 [INFO] [etf_daily] 510090.SH backfill 20120101~20120103
2026-02-12 13:18:31,024 [INFO] [etf_daily] 510110.SH backfill 20120101~20120103
2026-02-12 13:18:33,532 [INFO] [etf_daily] 510120.SH backfill 20120101~20120103
2026-02-12 13:18:35,011 [INFO] [etf_daily] 510130.SH backfill 20120101~20120103
2026-02-12 13:18:36,501 [INFO] [etf_daily] 510150.SH backfill 20120101~20120103
2026-02-12 13:18:38,118 [INFO] [etf_daily] 510160.SH backfill 20120101~20120103
2026-02-12 13:18:39,223 [INFO] [etf_daily] 进度 30/1588 (1.9%)
2026-02-12 13:18:41,182 [INFO] [etf_daily] 510170.SH backfill 20120101~20120103
2026-02-12 13:18:42,723 [INFO] [etf_daily] 510180.SH backfill 20120101~20120103
2026-02-12 13:18:44,255 [INFO] [etf_daily] 510190.SH backfill 20120101~20120103
2026-02-12 13:18:46,182 [INFO] [etf_daily] 510210.SH backfill 20120101~20120103
2026-02-12 13:18:47,650 [INFO] [etf_daily] 510220.SH backfill 20120101~20120103
2026-02-12 13:18:50,190 [INFO] [etf_daily] 510230.SH backfill 20120101~20120103
2026-02-12 13:18:52,138 [INFO] [etf_daily] 510260.SH backfill 20120101~20120103
2026-02-12 13:18:53,535 [INFO] [etf_daily] 510270.SH backfill 20120101~20120103
2026-02-12 13:18:55,753 [INFO] [etf_daily] 510280.SH backfill 20120101~20120103
2026-02-12 13:18:57,278 [INFO] [etf_daily] 510290.SH backfill 20120101~20120103
2026-02-12 13:18:57,992 [INFO] [etf_daily] 进度 40/1588 (2.5%)
2026-02-12 13:18:58,830 [INFO] [etf_daily] 510880.SH backfill 20120101~20120103
2026-02-12 13:19:00,296 [INFO] [etf_daily] 511010.SH backfill 20130325~20250101
2026-02-12 13:19:02,293 [INFO] [追加] etf_daily      511010.SH 国泰上证5年期国债ETF 新增   2863 行 (请求 2863)
2026-02-12 13:19:03,014 [INFO] [etf_daily] 511020.SH backfill 20190222~20250101
2026-02-12 13:19:04,042 [INFO] [追加] etf_daily      511020.SH 平安5-10年期国债活跃券ETF 新增   1328 行 (请求 1328)
2026-02-12 13:19:04,759 [INFO] [etf_daily] 511030.SH backfill 20190322~20250101
2026-02-12 13:19:05,901 [INFO] [追加] etf_daily      511030.SH 平安中高等级公司债利差因子ETF 新增   1359 行 (请求 1359)
2026-02-12 13:19:06,746 [INFO] [etf_daily] 511060.SH backfill 20191212~20250101
2026-02-12 13:19:07,610 [INFO] [追加] etf_daily      511060.SH 海富通上证5年期地方政府债ETF 新增   1220 行 (请求 1220)
2026-02-12 13:19:08,293 [INFO] [etf_daily] 511090.SH backfill 20230613~20250101
2026-02-12 13:19:09,512 [INFO] [追加] etf_daily      511090.SH 鹏扬中债-30年期国债ETF 新增    378 行 (请求 378)
2026-02-12 13:19:10,339 [INFO] [etf_daily] 511100.SH backfill 20231225~20250101
2026-02-12 13:19:11,216 [INFO] [追加] etf_daily      511100.SH 华夏上证基准做市国债ETF 新增    247 行 (请求 247)
2026-02-12 13:19:12,008 [INFO] [etf_daily] 511130.SH backfill 20240328~20250101
2026-02-12 13:19:12,797 [INFO] [追加] etf_daily      511130.SH 博时上证30年期国债ETF 新增    186 行 (请求 186)
2026-02-12 13:19:13,605 [INFO] [etf_daily] 511180.SH backfill 20200826~20250101
2026-02-12 13:19:14,570 [INFO] [追加] etf_daily      511180.SH 海富通上证投资级可转债ETF 新增   1055 行 (请求 1055)
2026-02-12 13:19:15,711 [INFO] [etf_daily] 511220.SH backfill 20141216~20250101
2026-02-12 13:19:17,620 [INFO] [追加] etf_daily      511220.SH 海富通上证城投债ETF  新增   2437 行 (请求 2437)
2026-02-12 13:19:17,620 [INFO] [etf_daily] 进度 50/1588 (3.1%)
2026-02-12 13:19:18,706 [INFO] [etf_daily] 511260.SH backfill 20170824~20250101
2026-02-12 13:19:19,792 [INFO] [追加] etf_daily      511260.SH 上证10年期国债ETF  新增   1785 行 (请求 1785)
2026-02-12 13:19:20,678 [INFO] [etf_daily] 511270.SH backfill 20181122~20250101
2026-02-12 13:19:21,716 [INFO] [追加] etf_daily      511270.SH 海富通上证10年期地方政府债ETF 新增   1479 行 (请求 1479)
2026-02-12 13:19:22,393 [INFO] [etf_daily] 511360.SH backfill 20200925~20250101
2026-02-12 13:19:23,364 [INFO] [追加] etf_daily      511360.SH 海富通中证短融ETF   新增   1033 行 (请求 1033)
2026-02-12 13:19:24,151 [INFO] [etf_daily] 511380.SH backfill 20200407~20250101
2026-02-12 13:19:25,137 [INFO] [追加] etf_daily      511380.SH 博时可转债ETF     新增   1151 行 (请求 1151)
2026-02-12 13:19:25,892 [INFO] [etf_daily] 511520.SH backfill 20221025~20250101
2026-02-12 13:19:26,864 [INFO] [追加] etf_daily      511520.SH 富国中债7-10年政策性金融债ETF 新增    533 行 (请求 533)
2026-02-12 13:19:27,615 [INFO] [etf_daily] 511580.SH backfill 20221214~20250101
2026-02-12 13:19:28,455 [INFO] [追加] etf_daily      511580.SH 招商中证国债及政策性金融债0-3年ETF 新增    491 行 (请求 491)
2026-02-12 13:19:29,601 [INFO] [etf_daily] 511600.SH backfill 20160927~20250101
2026-02-12 13:19:32,368 [INFO] [追加] etf_daily      511600.SH 华安日日鑫货币H     新增   2005 行 (请求 2005)
2026-02-12 13:19:33,090 [INFO] [etf_daily] 511620.SH backfill 20170907~20250101
2026-02-12 13:19:34,106 [INFO] [追加] etf_daily      511620.SH 国泰瞬利货币A      新增   1768 行 (请求 1768)
2026-02-12 13:19:34,769 [INFO] [etf_daily] 511650.SH backfill 20170116~20250101
2026-02-12 13:19:35,889 [INFO] [追加] etf_daily      511650.SH 华夏快线货币E      新增   1918 行 (请求 1918)
2026-02-12 13:19:37,559 [INFO] [etf_daily] 511660.SH backfill 20160921~20250101
2026-02-12 13:19:39,537 [INFO] [追加] etf_daily      511660.SH 建信现金添益货币H    新增   2011 行 (请求 2011)
2026-02-12 13:19:39,537 [INFO] [etf_daily] 进度 60/1588 (3.8%)
2026-02-12 13:19:40,256 [INFO] [etf_daily] 511670.SH backfill 20170828~20250101
2026-02-12 13:19:41,192 [INFO] [追加] etf_daily      511670.SH 华泰紫金天天金货币ETFA 新增   1643 行 (请求 1643)
2026-02-12 13:19:41,942 [INFO] [etf_daily] 511690.SH backfill 20161020~20250101
2026-02-12 13:19:43,031 [INFO] [追加] etf_daily      511690.SH 大成添益交易型货币E   新增   1995 行 (请求 1995)
2026-02-12 13:19:43,706 [INFO] [etf_daily] 511700.SH backfill 20161017~20250101
2026-02-12 13:19:45,023 [INFO] [追加] etf_daily      511700.SH 场内货币         新增   1998 行 (请求 1998)
2026-02-12 13:19:45,677 [INFO] [etf_daily] 511770.SH backfill 20170410~20250101
