2026-02-12 13:15:36,653 [INFO] [stock_basic] 拉取 3000 行 offset=0
2026-02-12 13:15:38,483 [INFO] [stock_basic] 拉取 2484 行 offset=3000
2026-02-12 13:15:38,543 [INFO] stock_basic_a 已最新 无新增
2026-02-12 13:15:38,544 [INFO] [A] 同步完成 当前行数=5484
2026-02-12 13:15:39,717 [INFO] [hk_basic] 拉取 2720 行 offset=0
2026-02-12 13:15:39,740 [INFO] stock_basic_h 已最新 无新增
2026-02-12 13:15:39,740 [INFO] [H] 同步完成 当前行数=2721
2026-02-12 13:15:40,513 [INFO] [fx_obasic] 拉取 69 行 offset=0
2026-02-12 13:15:40,519 [INFO] fx_basic 已最新 无新增
2026-02-12 13:15:40,519 [INFO] [FX] 同步完成 当前行数=69
2026-02-12 13:15:41,606 [INFO] [etf_basic] 拉取 1588 行 offset=0
2026-02-12 13:15:41,621 [INFO] etf_basic 已最新 无新增
2026-02-12 13:15:41,622 [INFO] [ETF] 同步完成 当前行数=3170
2026-02-12 13:15:45,303 [INFO] [etf_daily] 股票数=3170 limit=6000 sleep=0.0100
2026-02-12 13:15:46,155 [INFO] [etf_daily] 159135.SZ backfill 20120101~20260210
2026-02-12 13:15:49,139 [INFO] [etf_daily] 159148.SZ backfill 20120101~20260210
2026-02-12 13:15:50,964 [INFO] [etf_daily] 159153.SZ backfill 20120101~20260208
2026-02-12 13:15:52,499 [INFO] [etf_daily] 159157.SZ backfill 20120101~20260205
2026-02-12 13:15:54,828 [INFO] [etf_daily] 159163.SZ backfill 20120101~20260208
2026-02-12 13:15:58,350 [INFO] [etf_daily] 159901.SZ backfill 20120101~20120103
2026-02-12 13:15:59,828 [INFO] [etf_daily] 159902.SZ backfill 20120101~20120103
2026-02-12 13:16:01,298 [INFO] [etf_daily] 159903.SZ backfill 20120101~20120103
2026-02-12 13:16:02,878 [INFO] [etf_daily] 159905.SZ backfill 20120101~20120103
2026-02-12 13:16:04,470 [INFO] [etf_daily] 159906.SZ backfill 20120101~20120103
2026-02-12 13:16:05,199 [INFO] [etf_daily] 进度 10/3170 (0.3%)
2026-02-12 13:16:08,972 [INFO] [etf_daily] 159907.SZ backfill 20120101~20120103
2026-02-12 13:16:11,843 [INFO] [etf_daily] 159909.SZ backfill 20120101~20120103
2026-02-12 13:16:13,851 [INFO] [etf_daily] 159910.SZ backfill 20120101~20120103
2026-02-12 13:16:16,472 [INFO] [etf_daily] 159911.SZ backfill 20120101~20120103
2026-02-12 13:16:18,009 [INFO] [etf_daily] 159912.SZ backfill 20120101~20120103
2026-02-12 13:16:19,621 [INFO] [etf_daily] 159913.SZ backfill 20120101~20120103
2026-02-12 13:16:21,214 [INFO] [etf_daily] 159915.SZ backfill 20120101~20120103
2026-02-12 13:16:22,638 [INFO] [etf_daily] 159916.SZ backfill 20120101~20120103
2026-02-12 13:16:24,222 [INFO] [etf_daily] 510010.SH backfill 20120101~20120103
2026-02-12 13:16:29,328 [INFO] [etf_daily] 510020.SH backfill 20120101~20120103
2026-02-12 13:16:30,150 [INFO] [etf_daily] 进度 20/3170 (0.6%)
2026-02-12 13:16:30,964 [INFO] [etf_daily] 510030.SH backfill 20120101~20120103
2026-02-12 13:16:32,523 [INFO] [etf_daily] 510050.SH backfill 20120101~20120103
2026-02-12 13:16:33,966 [INFO] [etf_daily] 510060.SH backfill 20120101~20120103
2026-02-12 13:16:36,593 [INFO] [etf_daily] 510070.SH backfill 20120101~20120103
2026-02-12 13:16:38,097 [INFO] [etf_daily] 510090.SH backfill 20120101~20120103
2026-02-12 13:16:39,972 [INFO] [etf_daily] 510110.SH backfill 20120101~20120103
2026-02-12 13:16:41,845 [INFO] [etf_daily] 510120.SH backfill 20120101~20120103
2026-02-12 13:16:44,278 [INFO] [etf_daily] 510130.SH backfill 20120101~20120103
2026-02-12 13:16:46,187 [INFO] [etf_daily] 510150.SH backfill 20120101~20120103
2026-02-12 13:16:48,183 [INFO] [etf_daily] 510160.SH backfill 20120101~20120103
2026-02-12 13:16:48,896 [INFO] [etf_daily] 进度 30/3170 (0.9%)
2026-02-12 13:16:49,704 [INFO] [etf_daily] 510170.SH backfill 20120101~20120103
2026-02-12 13:16:51,263 [INFO] [etf_daily] 510180.SH backfill 20120101~20120103
2026-02-12 13:16:54,833 [INFO] [etf_daily] 510190.SH backfill 20120101~20120103
2026-02-12 13:16:56,440 [INFO] [etf_daily] 510210.SH backfill 20120101~20120103
2026-02-12 13:16:59,420 [INFO] [etf_daily] 510220.SH backfill 20120101~20120103
2026-02-12 13:17:00,925 [INFO] [etf_daily] 510230.SH backfill 20120101~20120103
2026-02-12 13:17:03,582 [INFO] [etf_daily] 510260.SH backfill 20120101~20120103
2026-02-12 13:17:05,542 [INFO] [etf_daily] 510270.SH backfill 20120101~20120103
2026-02-12 13:17:07,598 [INFO] [etf_daily] 510280.SH backfill 20120101~20120103
2026-02-12 13:17:10,080 [INFO] [etf_daily] 510290.SH backfill 20120101~20120103
2026-02-12 13:17:10,818 [INFO] [etf_daily] 进度 40/3170 (1.3%)
2026-02-12 13:17:11,583 [INFO] [etf_daily] 510880.SH backfill 20120101~20120103
2026-02-12 13:17:13,086 [INFO] [etf_daily] 511010.SH backfill 20130325~20250101
2026-02-12 13:17:15,628 [INFO] [追加] etf_daily      511010.SH 国泰上证5年期国债ETF 新增   2863 行 (请求 2863)
2026-02-12 13:17:16,326 [INFO] [etf_daily] 511020.SH backfill 20190222~20250101
2026-02-12 13:17:17,342 [INFO] [追加] etf_daily      511020.SH 平安5-10年期国债活跃券ETF 新增   1328 行 (请求 1328)
2026-02-12 13:17:18,210 [INFO] [etf_daily] 511030.SH backfill 20190322~20250101
2026-02-12 13:17:19,230 [INFO] [追加] etf_daily      511030.SH 平安中高等级公司债利差因子ETF 新增   1359 行 (请求 1359)
2026-02-12 13:17:20,112 [INFO] [etf_daily] 511060.SH backfill 20191212~20250101
2026-02-12 13:17:21,076 [INFO] [追加] etf_daily      511060.SH 海富通上证5年期地方政府债ETF 新增   1220 行 (请求 1220)
2026-02-12 13:17:22,838 [INFO] [etf_daily] 511090.SH backfill 20230613~20250101
2026-02-12 13:17:23,684 [INFO] [追加] etf_daily      511090.SH 鹏扬中债-30年期国债ETF 新增    378 行 (请求 378)
